<?xml version="1.0" encoding="UTF-8"?>
<testng-results ignored="0" total="1" passed="1" failed="0" skipped="0">
  <reporter-output>
  </reporter-output>
  <suite started-at="2024-10-23T11:19:00 IST" name="Default suite" finished-at="2024-10-23T11:19:01 IST" duration-ms="1250">
    <groups>
    </groups>
    <test started-at="2024-10-23T11:19:00 IST" name="Default test" finished-at="2024-10-23T11:19:01 IST" duration-ms="1250">
      <class name="rest.assured.day4.ParsingJsonResponseData">
        <test-method signature="testJsonResponseBodyData()[pri:0, instance:rest.assured.day4.ParsingJsonResponseData@55de24cc]" started-at="2024-10-23T11:19:00 IST" name="testJsonResponseBodyData" finished-at="2024-10-23T11:19:01 IST" duration-ms="1219" status="PASS">
          <reporter-output>
          </reporter-output>
        </test-method> <!-- testJsonResponseBodyData -->
      </class> <!-- rest.assured.day4.ParsingJsonResponseData -->
    </test> <!-- Default test -->
  </suite> <!-- Default suite -->
</testng-results>
